<?xml version="1.0" encoding="UTF-8"?>
<!-- Generated by org.testng.reporters.JUnitXMLReporter -->
<testsuite ignored="5" hostname="DESKTOP-H2C9QEN" failures="0" tests="1" name="Default test" time="0.096" errors="0" timestamp="2024-05-02T13:35:01 IST">
  <testcase classname="core.Page" name="@BeforeTest openBrowser" time="-1.714637101243E9">
    <failure type="org.testng.TestNGException" message="
Parameter &amp;apos;browser&amp;apos; is required by BeforeTest on method openBrowser but has not been marked @Optional or defined
in C:\Users\Sweet\AppData\Local\Temp\testng-eclipse--668844757\testng-customsuite.xml">
      <![CDATA[org.testng.TestNGException: 
Parameter 'browser' is required by BeforeTest on method openBrowser but has not been marked @Optional or defined
in C:\Users\Sweet\AppData\Local\Temp\testng-eclipse--668844757\testng-customsuite.xml
at org.testng.internal.Parameters.createParams(Parameters.java:270)
at org.testng.internal.Parameters.createParametersForMethod(Parameters.java:358)
at org.testng.internal.Parameters.createParameters(Parameters.java:700)
at org.testng.internal.Parameters.createConfigurationParameters(Parameters.java:168)
at org.testng.internal.ConfigInvoker.invokeConfigurations(ConfigInvoker.java:302)
at org.testng.TestRunner.invokeTestConfigurations(TestRunner.java:637)
at org.testng.TestRunner.beforeRun(TestRunner.java:627)
at org.testng.TestRunner.run(TestRunner.java:589)
at org.testng.SuiteRunner.runTest(SuiteRunner.java:377)
at org.testng.SuiteRunner.runSequentially(SuiteRunner.java:371)
at org.testng.SuiteRunner.privateRun(SuiteRunner.java:332)
at org.testng.SuiteRunner.run(SuiteRunner.java:276)
at org.testng.SuiteRunnerWorker.runSuite(SuiteRunnerWorker.java:53)
at org.testng.SuiteRunnerWorker.run(SuiteRunnerWorker.java:96)
at org.testng.TestNG.runSuitesSequentially(TestNG.java:1212)
at org.testng.TestNG.runSuitesLocally(TestNG.java:1134)
at org.testng.TestNG.runSuites(TestNG.java:1063)
at org.testng.TestNG.run(TestNG.java:1031)
at org.testng.remote.AbstractRemoteTestNG.run(AbstractRemoteTestNG.java:115)
at org.testng.remote.RemoteTestNG.initAndRun(RemoteTestNG.java:251)
at org.testng.remote.RemoteTestNG.main(RemoteTestNG.java:77)
]]>
    </failure>
  </testcase> <!-- @BeforeTest openBrowser -->
  <testcase classname="core.Page" name="@AfterTest afterTest" time="-1.714637101324E9">
    <skipped/>
  </testcase> <!-- @AfterTest afterTest -->
  <testcase classname="PageObjects.OrangeHRM" name="applyLeave" time="0.0">
    <skipped/>
  </testcase> <!-- applyLeave -->
  <testcase classname="PageObjects.OrangeHRM" name="deleteEmployee" time="0.0">
    <ignored/>
  </testcase> <!-- deleteEmployee -->
  <testcase classname="PageObjects.OrangeHRM" name="addEmployee" time="0.0">
    <ignored/>
  </testcase> <!-- addEmployee -->
  <testcase classname="PageObjects.OrangeHRM" name="searchEmployeeNyName" time="0.0">
    <ignored/>
  </testcase> <!-- searchEmployeeNyName -->
  <testcase classname="PageObjects.OrangeHRM" name="loginTestWithValidCredential" time="0.0">
    <ignored/>
  </testcase> <!-- loginTestWithValidCredential -->
  <testcase classname="PageObjects.OrangeHRM" name="doLoginWithInvalidCredential" time="0.0">
    <ignored/>
  </testcase> <!-- doLoginWithInvalidCredential -->
</testsuite> <!-- Default test -->
